Sun May 15 01:55:45 CST 2016  [debug] AvalonLogSystem initialized using logfile 'E:\Code\MyEclipse 10N1\.metadata\.plugins\com.genuitec.eclipse.templates\velocity.log'
Sun May 15 01:55:45 CST 2016   [info] ************************************************************** 
Sun May 15 01:55:45 CST 2016   [info] Starting Jakarta Velocity v1.4
Sun May 15 01:55:45 CST 2016   [info] RuntimeInstance initializing.
Sun May 15 01:55:45 CST 2016   [info] Default Properties File: org\apache\velocity\runtime\defaults\velocity.properties
Sun May 15 01:55:45 CST 2016   [info] Trying to use logger class org.apache.velocity.runtime.log.AvalonLogSystem
Sun May 15 01:55:45 CST 2016   [info] Using logger class org.apache.velocity.runtime.log.AvalonLogSystem
Sun May 15 01:55:45 CST 2016   [info] Default ResourceManager initializing. (class org.apache.velocity.runtime.resource.ResourceManagerImpl)
Sun May 15 01:55:45 CST 2016   [info] Resource Loader Instantiated: com.genuitec.eclipse.templates.internal.PluginResourceLoader
Sun May 15 01:55:45 CST 2016   [info] ResourceCache : initialized. (class org.apache.velocity.runtime.resource.ResourceCacheImpl)
Sun May 15 01:55:45 CST 2016   [info] Default ResourceManager initialization complete.
Sun May 15 01:55:45 CST 2016   [info] Loaded System Directive: org.apache.velocity.runtime.directive.Literal
Sun May 15 01:55:45 CST 2016   [info] Loaded System Directive: org.apache.velocity.runtime.directive.Macro
Sun May 15 01:55:45 CST 2016   [info] Loaded System Directive: org.apache.velocity.runtime.directive.Parse
Sun May 15 01:55:45 CST 2016   [info] Loaded System Directive: org.apache.velocity.runtime.directive.Include
Sun May 15 01:55:45 CST 2016   [info] Loaded System Directive: org.apache.velocity.runtime.directive.Foreach
Sun May 15 01:55:45 CST 2016   [info] Created: 20 parsers.
Sun May 15 01:55:45 CST 2016   [info] Velocimacro : initialization starting.
Sun May 15 01:55:45 CST 2016   [info] Velocimacro : adding VMs from VM library template : VM_global_library.vm
Sun May 15 01:55:45 CST 2016  [error] ResourceManager : unable to find resource 'VM_global_library.vm' in any resource loader.
Sun May 15 01:55:45 CST 2016   [info] Velocimacro : error using  VM library template VM_global_library.vm : org.apache.velocity.exception.ResourceNotFoundException: Unable to find resource 'VM_global_library.vm'
Sun May 15 01:55:45 CST 2016   [info] Velocimacro :  VM library template macro registration complete.
Sun May 15 01:55:45 CST 2016   [info] Velocimacro : allowInline = true : VMs can be defined inline in templates
Sun May 15 01:55:45 CST 2016   [info] Velocimacro : allowInlineToOverride = true : VMs defined inline may replace previous VM definitions
Sun May 15 01:55:45 CST 2016   [info] Velocimacro : allowInlineLocal = true : VMs defined inline will be local to their defining template only.
Sun May 15 01:55:45 CST 2016   [info] Velocimacro : messages on  : VM system will output logging messages
Sun May 15 01:55:45 CST 2016   [info] Velocimacro : autoload off  : VM system will not automatically reload global library macros
Sun May 15 01:55:45 CST 2016   [info] Velocimacro : initialization complete.
Sun May 15 01:55:45 CST 2016   [info] Velocity successfully started.
Sun May 15 01:55:46 CST 2016   [info] ResourceManager : found templates/web.xml.vm with loader com.genuitec.eclipse.templates.internal.PluginResourceLoader
Sun May 15 01:55:58 CST 2016   [info] ResourceManager : found /templates/velocity/welcome/Jsp.vtl with loader com.genuitec.eclipse.templates.internal.PluginResourceLoader
Sun May 15 02:01:32 CST 2016   [info] ResourceManager : found data/1.2/applicationContext-template-2.xml.vtl with loader com.genuitec.eclipse.templates.internal.PluginResourceLoader
